Build started 12/3/2013 5:26:20 PM.
     1>Project "C:\Users\Johny\Documents\Visual Studio 2013\Projects\invaders\invaders.vcxproj" on node 2 (Rebuild target(s)).
     1>ClCompile:
         C:\Program Files\Microsoft Visual Studio 12.0\VC\bin\CL.exe /c /ZI /nologo /W3 /WX- /Od /Oy- /D WIN32 /D _WINDOWS /D _DEBUG /D _UNICODE /D UNICODE /D _AFXDLL /Gm /EHsc /RTC1 /MDd /GS /fp:precise /Zc:wchar_t /Zc:forScope /Yc"stdafx.h" /Fp"Debug\invaders.pch" /Fo"Debug\\" /Fd"Debug\vc120.pdb" /Gd /TP /analyze- /errorReport:prompt stdafx.cpp
         stdafx.cpp
         C:\Program Files\Microsoft Visual Studio 12.0\VC\bin\CL.exe /c /ZI /nologo /W3 /WX- /Od /Oy- /D WIN32 /D _WINDOWS /D _DEBUG /D _UNICODE /D UNICODE /D _AFXDLL /Gm /EHsc /RTC1 /MDd /GS /fp:precise /Zc:wchar_t /Zc:forScope /Yu"stdafx.h" /Fp"Debug\invaders.pch" /Fo"Debug\\" /Fd"Debug\vc120.pdb" /Gd /TP /analyze- /errorReport:prompt Alien.cpp invaders.cpp invadersDoc.cpp invadersView.cpp MainFrm.cpp space.cpp
         space.cpp
     1>c:\users\johny\documents\visual studio 2013\projects\invaders\space.cpp(37): warning C4800: 'UINT' : forcing value to bool 'true' or 'false' (performance warning)
     1>c:\users\johny\documents\visual studio 2013\projects\invaders\space.cpp(38): warning C4800: 'UINT' : forcing value to bool 'true' or 'false' (performance warning)
     1>c:\users\johny\documents\visual studio 2013\projects\invaders\space.cpp(39): warning C4800: 'UINT' : forcing value to bool 'true' or 'false' (performance warning)
     1>c:\users\johny\documents\visual studio 2013\projects\invaders\space.cpp(40): warning C4800: 'UINT' : forcing value to bool 'true' or 'false' (performance warning)
     1>c:\users\johny\documents\visual studio 2013\projects\invaders\space.cpp(41): warning C4800: 'UINT' : forcing value to bool 'true' or 'false' (performance warning)
     1>c:\users\johny\documents\visual studio 2013\projects\invaders\space.cpp(42): warning C4800: 'UINT' : forcing value to bool 'true' or 'false' (performance warning)
     1>c:\users\johny\documents\visual studio 2013\projects\invaders\space.cpp(43): warning C4800: 'UINT' : forcing value to bool 'true' or 'false' (performance warning)
     1>c:\users\johny\documents\visual studio 2013\projects\invaders\space.cpp(44): warning C4800: 'UINT' : forcing value to bool 'true' or 'false' (performance warning)
     1>c:\users\johny\documents\visual studio 2013\projects\invaders\space.cpp(45): warning C4800: 'UINT' : forcing value to bool 'true' or 'false' (performance warning)
     1>c:\users\johny\documents\visual studio 2013\projects\invaders\space.cpp(46): warning C4800: 'UINT' : forcing value to bool 'true' or 'false' (performance warning)
     1>c:\users\johny\documents\visual studio 2013\projects\invaders\space.cpp(47): warning C4800: 'UINT' : forcing value to bool 'true' or 'false' (performance warning)
     1>c:\users\johny\documents\visual studio 2013\projects\invaders\space.cpp(48): warning C4800: 'UINT' : forcing value to bool 'true' or 'false' (performance warning)
     1>c:\users\johny\documents\visual studio 2013\projects\invaders\space.cpp(87): warning C4018: '<' : signed/unsigned mismatch
     1>c:\users\johny\documents\visual studio 2013\projects\invaders\space.cpp(99): warning C4018: '<' : signed/unsigned mismatch
     1>c:\users\johny\documents\visual studio 2013\projects\invaders\space.cpp(107): warning C4018: '<' : signed/unsigned mismatch
     1>c:\users\johny\documents\visual studio 2013\projects\invaders\space.cpp(114): warning C4018: '<' : signed/unsigned mismatch
     1>c:\users\johny\documents\visual studio 2013\projects\invaders\space.cpp(170): warning C4018: '<' : signed/unsigned mismatch
     1>c:\users\johny\documents\visual studio 2013\projects\invaders\space.cpp(221): warning C4018: '<' : signed/unsigned mismatch
         MainFrm.cpp
         invadersView.cpp
     1>c:\users\johny\documents\visual studio 2013\projects\invaders\invadersview.cpp(115): warning C4018: '<' : signed/unsigned mismatch
         invadersDoc.cpp
         invaders.cpp
         Alien.cpp
         Generating Code...
       ResourceCompile:
         C:\Program Files\Windows Kits\8.1\bin\x86\rc.exe /D _DEBUG /D _UNICODE /D UNICODE /D _AFXDLL /l"0x0409" /IDebug\ /nologo /fo"Debug\invaders.res" invaders.rc 
       Link:
         C:\Program Files\Microsoft Visual Studio 12.0\VC\bin\link.exe /ERRORREPORT:PROMPT /OUT:"C:\Users\Johny\Documents\Visual Studio 2013\Projects\invaders\Debug\invaders.exe" /INCREMENTAL /NOLOGO winmm.lib /MANIFEST /MANIFESTUAC:"level='asInvoker' uiAccess='false'" /manifest:embed /manifestinput:"C:\Program Files\Microsoft Visual Studio 12.0\VC\Include\Manifest\dpiaware.manifest" /DEBUG /PDB:"C:\Users\Johny\Documents\Visual Studio 2013\Projects\invaders\Debug\invaders.pdb" /SUBSYSTEM:WINDOWS /TLBID:1 /ENTRY:"wWinMainCRTStartup" /DYNAMICBASE /NXCOMPAT /IMPLIB:"C:\Users\Johny\Documents\Visual Studio 2013\Projects\invaders\Debug\invaders.lib" /MACHINE:X86 Debug\invaders.res
         Debug\Alien.obj
         Debug\invaders.obj
         Debug\invadersDoc.obj
         Debug\invadersView.obj
         Debug\MainFrm.obj
         Debug\space.obj
         Debug\stdafx.obj
         invaders.vcxproj -> C:\Users\Johny\Documents\Visual Studio 2013\Projects\invaders\Debug\invaders.exe
     1>Done Building Project "C:\Users\Johny\Documents\Visual Studio 2013\Projects\invaders\invaders.vcxproj" (Rebuild target(s)).

Build succeeded.

Time Elapsed 00:00:06.15
