c:\users\johny\documents\visual studio 2013\projects\invaders\debug\invaders.pch
c:\users\johny\documents\visual studio 2013\projects\invaders\debug\vc120.pdb
c:\users\johny\documents\visual studio 2013\projects\invaders\debug\vc120.idb
c:\users\johny\documents\visual studio 2013\projects\invaders\debug\stdafx.obj
c:\users\johny\documents\visual studio 2013\projects\invaders\debug\alien.obj
c:\users\johny\documents\visual studio 2013\projects\invaders\debug\invaders.obj
c:\users\johny\documents\visual studio 2013\projects\invaders\debug\invadersdoc.obj
c:\users\johny\documents\visual studio 2013\projects\invaders\debug\invadersview.obj
c:\users\johny\documents\visual studio 2013\projects\invaders\debug\mainfrm.obj
c:\users\johny\documents\visual studio 2013\projects\invaders\debug\space.obj
c:\users\johny\documents\visual studio 2013\projects\invaders\debug\invaders.ilk
c:\users\johny\documents\visual studio 2013\projects\invaders\debug\invaders.exe
c:\users\johny\documents\visual studio 2013\projects\invaders\debug\invaders.pdb
c:\users\johny\documents\visual studio 2013\projects\invaders\debug\invaders.res
c:\users\johny\documents\visual studio 2013\projects\invaders\debug\invaderstest.ilk
c:\users\johny\documents\visual studio 2013\projects\invaders\debug\invaderstest.exp
c:\users\johny\documents\visual studio 2013\projects\invaders\debug\invaderstest.pdb
c:\users\johny\documents\visual studio 2013\projects\invaders\debug\invaders.tlog\cl.command.1.tlog
c:\users\johny\documents\visual studio 2013\projects\invaders\debug\invaders.tlog\cl.read.1.tlog
c:\users\johny\documents\visual studio 2013\projects\invaders\debug\invaders.tlog\cl.write.1.tlog
c:\users\johny\documents\visual studio 2013\projects\invaders\debug\invaders.tlog\link.command.1.tlog
c:\users\johny\documents\visual studio 2013\projects\invaders\debug\invaders.tlog\link.read.1.tlog
c:\users\johny\documents\visual studio 2013\projects\invaders\debug\invaders.tlog\link.write.1.tlog
c:\users\johny\documents\visual studio 2013\projects\invaders\debug\invaders.tlog\rc.command.1.tlog
c:\users\johny\documents\visual studio 2013\projects\invaders\debug\invaders.tlog\rc.read.1.tlog
c:\users\johny\documents\visual studio 2013\projects\invaders\debug\invaders.tlog\rc.write.1.tlog
